<?xml version="1.0" encoding="UTF-8"?>
<!-- Generated by org.testng.reporters.JUnitXMLReporter -->
<testsuite hostname="ICPL11500" name="Test" tests="1" failures="1" timestamp="1 Feb 2018 07:05:37 GMT" time="37.49" errors="0">
  <testcase name="@AfterClass closeApplication" time="0.0" classname="Script.TestApp">
    <failure type="java.lang.IllegalArgumentException" message="wrong number of arguments">
      <![CDATA[java.lang.IllegalArgumentException: wrong number of arguments
... Removed 24 stack frames]]>
    </failure>
  </testcase> <!-- @AfterClass closeApplication -->
  <testcase name="testApp" time="25.64" classname="Script.TestApp">
    <failure type="java.lang.AssertionError">
      <![CDATA[java.lang.AssertionError
	at org.junit.Assert.fail(Assert.java:92)
	at org.junit.Assert.fail(Assert.java:100)
	at pages.SearchPage.verifySourceDestination(SearchPage.java:54)
	at Script.TestApp.testApp(TestApp.java:26)
... Removed 24 stack frames]]>
    </failure>
  </testcase> <!-- testApp -->
</testsuite> <!-- Test -->
