<?xml version="1.0" encoding="UTF-8"?>
<testng-results skipped="0" failed="0" total="1" passed="1">
  <reporter-output>
    <line>
      <![CDATA[Home page is displayed]]>
    </line>
    <line>
      <![CDATA[Search page is displayed]]>
    </line>
    <line>
      <![CDATA[31 matching Source and Destination flights ]]>
    </line>
    <line>
      <![CDATA[Home page is displayed]]>
    </line>
    <line>
      <![CDATA[Search page is displayed]]>
    </line>
    <line>
      <![CDATA[75 matching Source and Destination flights ]]>
    </line>
    <line>
      <![CDATA[Success TestCase is:testApp]]>
    </line>
  </reporter-output>
  <suite name="Suite" duration-ms="126976" started-at="2018-02-01T11:38:14Z" finished-at="2018-02-01T11:40:21Z">
    <groups>
    </groups>
    <test name="ChromeTest" duration-ms="126976" started-at="2018-02-01T11:38:14Z" finished-at="2018-02-01T11:40:21Z">
      <class name="Script.TestApp">
        <test-method status="PASS" signature="createReport()[pri:0, instance:Script.TestApp@1e397ed7]" name="createReport" is-config="true" duration-ms="288" started-at="2018-02-01T17:08:13Z" finished-at="2018-02-01T17:08:14Z">
          <reporter-output>
          </reporter-output>
        </test-method> <!-- createReport -->
        <test-method status="PASS" signature="openBrowser(java.lang.String)[pri:0, instance:Script.TestApp@1e397ed7]" name="openBrowser" is-config="true" duration-ms="28336" started-at="2018-02-01T17:08:14Z" finished-at="2018-02-01T17:08:42Z">
          <params>
            <param index="0">
              <value>
                <![CDATA[chrome]]>
              </value>
            </param>
          </params>
          <reporter-output>
          </reporter-output>
        </test-method> <!-- openBrowser -->
        <test-method status="PASS" signature="testApp()[pri:0, instance:Script.TestApp@1e397ed7]" name="testApp" duration-ms="96936" started-at="2018-02-01T17:08:42Z" finished-at="2018-02-01T17:10:19Z">
          <reporter-output>
            <line>
              <![CDATA[Home page is displayed]]>
            </line>
            <line>
              <![CDATA[Search page is displayed]]>
            </line>
            <line>
              <![CDATA[31 matching Source and Destination flights ]]>
            </line>
            <line>
              <![CDATA[Home page is displayed]]>
            </line>
            <line>
              <![CDATA[Search page is displayed]]>
            </line>
            <line>
              <![CDATA[75 matching Source and Destination flights ]]>
            </line>
            <line>
              <![CDATA[Success TestCase is:testApp]]>
            </line>
          </reporter-output>
        </test-method> <!-- testApp -->
        <test-method status="PASS" signature="closeApplication(org.testng.ITestResult)[pri:0, instance:Script.TestApp@1e397ed7]" name="closeApplication" is-config="true" duration-ms="843" started-at="2018-02-01T17:10:20Z" finished-at="2018-02-01T17:10:21Z">
          <params>
            <param index="0">
              <value>
                <![CDATA[[TestResult name=testApp status=SUCCESS method=TestApp.testApp()[pri:0, instance:Script.TestApp@1e397ed7] output=Home page is displayed]]]>
              </value>
            </param>
          </params>
          <reporter-output>
          </reporter-output>
        </test-method> <!-- closeApplication -->
        <test-method status="PASS" signature="flush()[pri:0, instance:Script.TestApp@1e397ed7]" name="flush" is-config="true" duration-ms="315" started-at="2018-02-01T17:10:21Z" finished-at="2018-02-01T17:10:21Z">
          <reporter-output>
          </reporter-output>
        </test-method> <!-- flush -->
      </class> <!-- Script.TestApp -->
    </test> <!-- ChromeTest -->
  </suite> <!-- Suite -->
</testng-results>
